<?xml version="1.0" encoding="UTF-8"?>
<!-- Generated by org.testng.reporters.JUnitReportReporter -->
<testsuite hostname="WKWIN0221758" failures="0" tests="3" name="tests.PutBatchDeleteExample" time="3.871" errors="0" timestamp="2022-01-14T01:06:05 IST" skipped="0">
  <testcase classname="tests.PutBatchDeleteExample" name="testPut" time="0.847"/>
  <system-out/>
  <testcase classname="tests.PutBatchDeleteExample" name="testPatch" time="1.018"/>
  <system-out/>
  <testcase classname="tests.PutBatchDeleteExample" name="testDelete" time="2.006"/>
  <system-out/>
</testsuite> <!-- tests.PutBatchDeleteExample -->
