<?xml version="1.0" encoding="UTF-8"?>
<!-- Generated by org.testng.reporters.JUnitReportReporter -->
<testsuite hostname="WKWIN0221758" failures="0" tests="1" name="tests.XMLSchemaValidation" time="2.233" errors="0" timestamp="2022-01-14T13:57:01 IST" skipped="0">
  <testcase classname="tests.XMLSchemaValidation" name="schemaValidation" time="2.233"/>
  <system-out/>
</testsuite> <!-- tests.XMLSchemaValidation -->
