<?xml version="1.0" encoding="UTF-8"?>
<!-- Generated by org.testng.reporters.JUnitReportReporter -->
<testsuite hostname="WKWIN0221758" failures="0" tests="1" name="tests.JSONSchemaValidator" time="1.736" errors="0" timestamp="2022-01-14T02:58:20 IST" skipped="0">
  <testcase classname="tests.JSONSchemaValidator" name="testGet" time="1.736"/>
  <system-out/>
</testsuite> <!-- tests.JSONSchemaValidator -->
