<?xml version="1.0" encoding="UTF-8"?>
<!-- Generated by org.testng.reporters.JUnitReportReporter -->
<testsuite hostname="WKWIN0221758" failures="0" tests="3" name="tests.TestsExamples" time="2.090" errors="0" timestamp="2022-01-14T00:21:44 IST" skipped="0">
  <testcase classname="tests.TestsExamples" name="test_1" time="1.390"/>
  <system-out/>
  <testcase classname="tests.TestsExamples" name="test_2" time="0.570"/>
  <system-out/>
  <testcase classname="tests.TestsExamples" name="test_3" time="0.130"/>
  <system-out/>
</testsuite> <!-- tests.TestsExamples -->
