<?xml version="1.0" encoding="UTF-8"?>
<!-- Generated by org.testng.reporters.JUnitReportReporter -->
<testsuite hostname="WKWIN0221758" failures="0" tests="1" name="tests.SoapXMLRequest" time="2.036" errors="0" timestamp="2022-01-14T13:28:25 IST" skipped="0">
  <testcase classname="tests.SoapXMLRequest" name="validateSoapXML" time="2.036"/>
  <system-out/>
</testsuite> <!-- tests.SoapXMLRequest -->
