<?xml version="1.0" encoding="UTF-8"?>
<!-- Generated by org.testng.reporters.JUnitReportReporter -->
<testsuite hostname="WKWIN0221758" failures="0" tests="2" name="tests.GetAndPostExamples" time="2.834" errors="0" timestamp="2022-01-14T00:52:13 IST" skipped="0">
  <testcase classname="tests.GetAndPostExamples" name="testGet" time="1.808"/>
  <system-out/>
  <testcase classname="tests.GetAndPostExamples" name="testPost" time="1.026"/>
  <system-out/>
</testsuite> <!-- tests.GetAndPostExamples -->
