<?xml version="1.0" encoding="UTF-8"?>
<!-- Generated by org.testng.reporters.JUnitReportReporter -->
<testsuite hostname="WKWIN0221758" failures="0" tests="2" name="tests.TestOnLocalAPI" time="1.138" errors="0" timestamp="2022-01-14T02:30:12 IST" skipped="0">
  <testcase classname="tests.TestOnLocalAPI" name="get" time="0.108"/>
  <system-out/>
  <testcase classname="tests.TestOnLocalAPI" name="delete" time="1.030"/>
  <system-out/>
</testsuite> <!-- tests.TestOnLocalAPI -->
